<?xml version="1.0" encoding="UTF-8"?>
<!-- Generated by org.testng.reporters.JUnitXMLReporter -->
<testsuite ignored="0" hostname="ssaklecha-LAP" failures="0" tests="20" name="Default test" time="29.426" errors="0" timestamp="2025-12-08T21:16:30 IST">
  <testcase classname="tests.Test_FlipkartSite" name="executeTestCase" time="3.387"/>
  <testcase classname="tests.Test_FlipkartSite" name="executeTestCase" time="0.003"/>
  <testcase classname="tests.Test_FlipkartSite" name="executeTestCase" time="0.004"/>
  <testcase classname="tests.Test_FlipkartSite" name="executeTestCase" time="0.005"/>
  <testcase classname="tests.Test_FlipkartSite" name="executeTestCase" time="0.007"/>
  <testcase classname="tests.Test_FlipkartSite" name="executeTestCase" time="0.005"/>
  <testcase classname="tests.Test_FlipkartSite" name="executeTestCase" time="0.004"/>
  <testcase classname="tests.Test_FlipkartSite" name="executeTestCase" time="0.002"/>
  <testcase classname="tests.Test_FlipkartSite" name="executeTestCase" time="0.004"/>
  <testcase classname="tests.Test_FlipkartSite" name="executeTestCase" time="0.001"/>
  <testcase classname="tests.Test_FlipkartSite" name="executeTestCase" time="0.001"/>
  <testcase classname="tests.Test_FlipkartSite" name="executeTestCase" time="0.004"/>
  <testcase classname="tests.Test_FlipkartSite" name="executeTestCase" time="0.002"/>
  <testcase classname="tests.Test_FlipkartSite" name="executeTestCase" time="0.0"/>
  <testcase classname="tests.Test_FlipkartSite" name="executeTestCase" time="0.001"/>
  <testcase classname="tests.Test_FlipkartSite" name="executeTestCase" time="0.001"/>
  <testcase classname="tests.Test_FlipkartSite" name="executeTestCase" time="0.001"/>
  <testcase classname="tests.Test_FlipkartSite" name="executeTestCase" time="0.001"/>
  <testcase classname="tests.Test_FlipkartSite" name="executeTestCase" time="0.0"/>
  <testcase classname="tests.Test_FlipkartSite" name="executeTestCase" time="20.4"/>
</testsuite> <!-- Default test -->
