<?xml version="1.0" encoding="UTF-8"?>
<testng-results ignored="0" total="20" passed="20" failed="0" skipped="0">
  <reporter-output>
  </reporter-output>
  <suite started-at="2025-12-08T21:16:01 IST" name="Default suite" finished-at="2025-12-08T21:16:30 IST" duration-ms="29426">
    <groups>
    </groups>
    <test started-at="2025-12-08T21:16:01 IST" name="Default test" finished-at="2025-12-08T21:16:30 IST" duration-ms="29426">
      <class name="tests.Test_FlipkartSite">
        <test-method is-config="true" signature="initializeDriver(java.lang.String)[pri:0, instance:tests.Test_FlipkartSite@773f7880]" started-at="2025-12-08T21:16:01 IST" name="initializeDriver" finished-at="2025-12-08T21:16:04 IST" duration-ms="3111" status="PASS">
          <params>
            <param index="0">
              <value>
                <![CDATA[chrome]]>
              </value>
            </param>
          </params>
          <reporter-output>
          </reporter-output>
        </test-method> <!-- initializeDriver -->
        <test-method signature="executeTestCase(java.lang.String,java.lang.String,org.testng.ITestContext)[pri:0, instance:tests.Test_FlipkartSite@773f7880]" started-at="2025-12-08T21:16:05 IST" name="executeTestCase" data-provider="testData" finished-at="2025-12-08T21:16:08 IST" duration-ms="3387" status="PASS">
          <params>
            <param index="0">
              <value>
                <![CDATA[getFlipkartSite]]>
              </value>
            </param>
            <param index="1">
              <value>
                <![CDATA[Yes]]>
              </value>
            </param>
            <param index="2">
              <value>
                <![CDATA[org.testng.TestRunner@43ecfeb5]]>
              </value>
            </param>
          </params>
          <reporter-output>
          </reporter-output>
        </test-method> <!-- executeTestCase -->
        <test-method is-config="true" signature="getTestResult(org.testng.ITestResult,org.testng.ITestContext)[pri:0, instance:tests.Test_FlipkartSite@773f7880]" started-at="2025-12-08T21:16:08 IST" name="getTestResult" finished-at="2025-12-08T21:16:08 IST" duration-ms="6" status="PASS">
          <params>
            <param index="0">
              <value>
                <![CDATA[[TestResult name=executeTestCase status=SUCCESS method=Test_FlipkartSite.executeTestCase(java.lang.String,java.lang.String,org.testng.ITestContext)[pri:0, instance:tests.Test_FlipkartSite@773f7880] output={null}]]]>
              </value>
            </param>
            <param index="1">
              <value>
                <![CDATA[org.testng.TestRunner@43ecfeb5]]>
              </value>
            </param>
          </params>
          <reporter-output>
          </reporter-output>
        </test-method> <!-- getTestResult -->
        <test-method signature="executeTestCase(java.lang.String,java.lang.String,org.testng.ITestContext)[pri:0, instance:tests.Test_FlipkartSite@773f7880]" started-at="2025-12-08T21:16:08 IST" name="executeTestCase" data-provider="testData" finished-at="2025-12-08T21:16:08 IST" duration-ms="3" status="PASS">
          <params>
            <param index="0">
              <value>
                <![CDATA[clickOnProduct]]>
              </value>
            </param>
            <param index="1">
              <value>
                <![CDATA[No]]>
              </value>
            </param>
            <param index="2">
              <value>
                <![CDATA[org.testng.TestRunner@43ecfeb5]]>
              </value>
            </param>
          </params>
          <reporter-output>
          </reporter-output>
        </test-method> <!-- executeTestCase -->
        <test-method is-config="true" signature="getTestResult(org.testng.ITestResult,org.testng.ITestContext)[pri:0, instance:tests.Test_FlipkartSite@773f7880]" started-at="2025-12-08T21:16:08 IST" name="getTestResult" finished-at="2025-12-08T21:16:08 IST" duration-ms="4" status="PASS">
          <params>
            <param index="0">
              <value>
                <![CDATA[[TestResult name=executeTestCase status=SUCCESS method=Test_FlipkartSite.executeTestCase(java.lang.String,java.lang.String,org.testng.ITestContext)[pri:0, instance:tests.Test_FlipkartSite@773f7880] output={null}]]]>
              </value>
            </param>
            <param index="1">
              <value>
                <![CDATA[org.testng.TestRunner@43ecfeb5]]>
              </value>
            </param>
          </params>
          <reporter-output>
          </reporter-output>
        </test-method> <!-- getTestResult -->
        <test-method signature="executeTestCase(java.lang.String,java.lang.String,org.testng.ITestContext)[pri:0, instance:tests.Test_FlipkartSite@773f7880]" started-at="2025-12-08T21:16:08 IST" name="executeTestCase" data-provider="testData" finished-at="2025-12-08T21:16:08 IST" duration-ms="4" status="PASS">
          <params>
            <param index="0">
              <value>
                <![CDATA[searchProduct]]>
              </value>
            </param>
            <param index="1">
              <value>
                <![CDATA[Yes]]>
              </value>
            </param>
            <param index="2">
              <value>
                <![CDATA[org.testng.TestRunner@43ecfeb5]]>
              </value>
            </param>
          </params>
          <reporter-output>
          </reporter-output>
        </test-method> <!-- executeTestCase -->
        <test-method is-config="true" signature="getTestResult(org.testng.ITestResult,org.testng.ITestContext)[pri:0, instance:tests.Test_FlipkartSite@773f7880]" started-at="2025-12-08T21:16:08 IST" name="getTestResult" finished-at="2025-12-08T21:16:08 IST" duration-ms="2" status="PASS">
          <params>
            <param index="0">
              <value>
                <![CDATA[[TestResult name=executeTestCase status=SUCCESS method=Test_FlipkartSite.executeTestCase(java.lang.String,java.lang.String,org.testng.ITestContext)[pri:0, instance:tests.Test_FlipkartSite@773f7880] output={null}]]]>
              </value>
            </param>
            <param index="1">
              <value>
                <![CDATA[org.testng.TestRunner@43ecfeb5]]>
              </value>
            </param>
          </params>
          <reporter-output>
          </reporter-output>
        </test-method> <!-- getTestResult -->
        <test-method signature="executeTestCase(java.lang.String,java.lang.String,org.testng.ITestContext)[pri:0, instance:tests.Test_FlipkartSite@773f7880]" started-at="2025-12-08T21:16:08 IST" name="executeTestCase" data-provider="testData" finished-at="2025-12-08T21:16:08 IST" duration-ms="5" status="PASS">
          <params>
            <param index="0">
              <value>
                <![CDATA[changingPinCode]]>
              </value>
            </param>
            <param index="1">
              <value>
                <![CDATA[Yes]]>
              </value>
            </param>
            <param index="2">
              <value>
                <![CDATA[org.testng.TestRunner@43ecfeb5]]>
              </value>
            </param>
          </params>
          <reporter-output>
          </reporter-output>
        </test-method> <!-- executeTestCase -->
        <test-method is-config="true" signature="getTestResult(org.testng.ITestResult,org.testng.ITestContext)[pri:0, instance:tests.Test_FlipkartSite@773f7880]" started-at="2025-12-08T21:16:08 IST" name="getTestResult" finished-at="2025-12-08T21:16:08 IST" duration-ms="11" status="PASS">
          <params>
            <param index="0">
              <value>
                <![CDATA[[TestResult name=executeTestCase status=SUCCESS method=Test_FlipkartSite.executeTestCase(java.lang.String,java.lang.String,org.testng.ITestContext)[pri:0, instance:tests.Test_FlipkartSite@773f7880] output={null}]]]>
              </value>
            </param>
            <param index="1">
              <value>
                <![CDATA[org.testng.TestRunner@43ecfeb5]]>
              </value>
            </param>
          </params>
          <reporter-output>
          </reporter-output>
        </test-method> <!-- getTestResult -->
        <test-method signature="executeTestCase(java.lang.String,java.lang.String,org.testng.ITestContext)[pri:0, instance:tests.Test_FlipkartSite@773f7880]" started-at="2025-12-08T21:16:08 IST" name="executeTestCase" data-provider="testData" finished-at="2025-12-08T21:16:08 IST" duration-ms="7" status="PASS">
          <params>
            <param index="0">
              <value>
                <![CDATA[checkProductImages]]>
              </value>
            </param>
            <param index="1">
              <value>
                <![CDATA[Yes]]>
              </value>
            </param>
            <param index="2">
              <value>
                <![CDATA[org.testng.TestRunner@43ecfeb5]]>
              </value>
            </param>
          </params>
          <reporter-output>
          </reporter-output>
        </test-method> <!-- executeTestCase -->
        <test-method is-config="true" signature="getTestResult(org.testng.ITestResult,org.testng.ITestContext)[pri:0, instance:tests.Test_FlipkartSite@773f7880]" started-at="2025-12-08T21:16:08 IST" name="getTestResult" finished-at="2025-12-08T21:16:08 IST" duration-ms="4" status="PASS">
          <params>
            <param index="0">
              <value>
                <![CDATA[[TestResult name=executeTestCase status=SUCCESS method=Test_FlipkartSite.executeTestCase(java.lang.String,java.lang.String,org.testng.ITestContext)[pri:0, instance:tests.Test_FlipkartSite@773f7880] output={null}]]]>
              </value>
            </param>
            <param index="1">
              <value>
                <![CDATA[org.testng.TestRunner@43ecfeb5]]>
              </value>
            </param>
          </params>
          <reporter-output>
          </reporter-output>
        </test-method> <!-- getTestResult -->
        <test-method signature="executeTestCase(java.lang.String,java.lang.String,org.testng.ITestContext)[pri:0, instance:tests.Test_FlipkartSite@773f7880]" started-at="2025-12-08T21:16:08 IST" name="executeTestCase" data-provider="testData" finished-at="2025-12-08T21:16:08 IST" duration-ms="5" status="PASS">
          <params>
            <param index="0">
              <value>
                <![CDATA[addToCart]]>
              </value>
            </param>
            <param index="1">
              <value>
                <![CDATA[Yes]]>
              </value>
            </param>
            <param index="2">
              <value>
                <![CDATA[org.testng.TestRunner@43ecfeb5]]>
              </value>
            </param>
          </params>
          <reporter-output>
          </reporter-output>
        </test-method> <!-- executeTestCase -->
        <test-method is-config="true" signature="getTestResult(org.testng.ITestResult,org.testng.ITestContext)[pri:0, instance:tests.Test_FlipkartSite@773f7880]" started-at="2025-12-08T21:16:08 IST" name="getTestResult" finished-at="2025-12-08T21:16:08 IST" duration-ms="1" status="PASS">
          <params>
            <param index="0">
              <value>
                <![CDATA[[TestResult name=executeTestCase status=SUCCESS method=Test_FlipkartSite.executeTestCase(java.lang.String,java.lang.String,org.testng.ITestContext)[pri:0, instance:tests.Test_FlipkartSite@773f7880] output={null}]]]>
              </value>
            </param>
            <param index="1">
              <value>
                <![CDATA[org.testng.TestRunner@43ecfeb5]]>
              </value>
            </param>
          </params>
          <reporter-output>
          </reporter-output>
        </test-method> <!-- getTestResult -->
        <test-method signature="executeTestCase(java.lang.String,java.lang.String,org.testng.ITestContext)[pri:0, instance:tests.Test_FlipkartSite@773f7880]" started-at="2025-12-08T21:16:08 IST" name="executeTestCase" data-provider="testData" finished-at="2025-12-08T21:16:08 IST" duration-ms="4" status="PASS">
          <params>
            <param index="0">
              <value>
                <![CDATA[placeOrder]]>
              </value>
            </param>
            <param index="1">
              <value>
                <![CDATA[Yes]]>
              </value>
            </param>
            <param index="2">
              <value>
                <![CDATA[org.testng.TestRunner@43ecfeb5]]>
              </value>
            </param>
          </params>
          <reporter-output>
          </reporter-output>
        </test-method> <!-- executeTestCase -->
        <test-method is-config="true" signature="getTestResult(org.testng.ITestResult,org.testng.ITestContext)[pri:0, instance:tests.Test_FlipkartSite@773f7880]" started-at="2025-12-08T21:16:08 IST" name="getTestResult" finished-at="2025-12-08T21:16:08 IST" duration-ms="1" status="PASS">
          <params>
            <param index="0">
              <value>
                <![CDATA[[TestResult name=executeTestCase status=SUCCESS method=Test_FlipkartSite.executeTestCase(java.lang.String,java.lang.String,org.testng.ITestContext)[pri:0, instance:tests.Test_FlipkartSite@773f7880] output={null}]]]>
              </value>
            </param>
            <param index="1">
              <value>
                <![CDATA[org.testng.TestRunner@43ecfeb5]]>
              </value>
            </param>
          </params>
          <reporter-output>
          </reporter-output>
        </test-method> <!-- getTestResult -->
        <test-method signature="executeTestCase(java.lang.String,java.lang.String,org.testng.ITestContext)[pri:0, instance:tests.Test_FlipkartSite@773f7880]" started-at="2025-12-08T21:16:08 IST" name="executeTestCase" data-provider="testData" finished-at="2025-12-08T21:16:08 IST" duration-ms="2" status="PASS">
          <params>
            <param index="0">
              <value>
                <![CDATA[sortProduct]]>
              </value>
            </param>
            <param index="1">
              <value>
                <![CDATA[Yes]]>
              </value>
            </param>
            <param index="2">
              <value>
                <![CDATA[org.testng.TestRunner@43ecfeb5]]>
              </value>
            </param>
          </params>
          <reporter-output>
          </reporter-output>
        </test-method> <!-- executeTestCase -->
        <test-method is-config="true" signature="getTestResult(org.testng.ITestResult,org.testng.ITestContext)[pri:0, instance:tests.Test_FlipkartSite@773f7880]" started-at="2025-12-08T21:16:08 IST" name="getTestResult" finished-at="2025-12-08T21:16:08 IST" duration-ms="1" status="PASS">
          <params>
            <param index="0">
              <value>
                <![CDATA[[TestResult name=executeTestCase status=SUCCESS method=Test_FlipkartSite.executeTestCase(java.lang.String,java.lang.String,org.testng.ITestContext)[pri:0, instance:tests.Test_FlipkartSite@773f7880] output={null}]]]>
              </value>
            </param>
            <param index="1">
              <value>
                <![CDATA[org.testng.TestRunner@43ecfeb5]]>
              </value>
            </param>
          </params>
          <reporter-output>
          </reporter-output>
        </test-method> <!-- getTestResult -->
        <test-method signature="executeTestCase(java.lang.String,java.lang.String,org.testng.ITestContext)[pri:0, instance:tests.Test_FlipkartSite@773f7880]" started-at="2025-12-08T21:16:08 IST" name="executeTestCase" data-provider="testData" finished-at="2025-12-08T21:16:08 IST" duration-ms="4" status="PASS">
          <params>
            <param index="0">
              <value>
                <![CDATA[applyPriceFilter]]>
              </value>
            </param>
            <param index="1">
              <value>
                <![CDATA[Yes]]>
              </value>
            </param>
            <param index="2">
              <value>
                <![CDATA[org.testng.TestRunner@43ecfeb5]]>
              </value>
            </param>
          </params>
          <reporter-output>
          </reporter-output>
        </test-method> <!-- executeTestCase -->
        <test-method is-config="true" signature="getTestResult(org.testng.ITestResult,org.testng.ITestContext)[pri:0, instance:tests.Test_FlipkartSite@773f7880]" started-at="2025-12-08T21:16:08 IST" name="getTestResult" finished-at="2025-12-08T21:16:08 IST" duration-ms="0" status="PASS">
          <params>
            <param index="0">
              <value>
                <![CDATA[[TestResult name=executeTestCase status=SUCCESS method=Test_FlipkartSite.executeTestCase(java.lang.String,java.lang.String,org.testng.ITestContext)[pri:0, instance:tests.Test_FlipkartSite@773f7880] output={null}]]]>
              </value>
            </param>
            <param index="1">
              <value>
                <![CDATA[org.testng.TestRunner@43ecfeb5]]>
              </value>
            </param>
          </params>
          <reporter-output>
          </reporter-output>
        </test-method> <!-- getTestResult -->
        <test-method signature="executeTestCase(java.lang.String,java.lang.String,org.testng.ITestContext)[pri:0, instance:tests.Test_FlipkartSite@773f7880]" started-at="2025-12-08T21:16:08 IST" name="executeTestCase" data-provider="testData" finished-at="2025-12-08T21:16:08 IST" duration-ms="1" status="PASS">
          <params>
            <param index="0">
              <value>
                <![CDATA[applyBrandFilter]]>
              </value>
            </param>
            <param index="1">
              <value>
                <![CDATA[Yes]]>
              </value>
            </param>
            <param index="2">
              <value>
                <![CDATA[org.testng.TestRunner@43ecfeb5]]>
              </value>
            </param>
          </params>
          <reporter-output>
          </reporter-output>
        </test-method> <!-- executeTestCase -->
        <test-method is-config="true" signature="getTestResult(org.testng.ITestResult,org.testng.ITestContext)[pri:0, instance:tests.Test_FlipkartSite@773f7880]" started-at="2025-12-08T21:16:08 IST" name="getTestResult" finished-at="2025-12-08T21:16:08 IST" duration-ms="0" status="PASS">
          <params>
            <param index="0">
              <value>
                <![CDATA[[TestResult name=executeTestCase status=SUCCESS method=Test_FlipkartSite.executeTestCase(java.lang.String,java.lang.String,org.testng.ITestContext)[pri:0, instance:tests.Test_FlipkartSite@773f7880] output={null}]]]>
              </value>
            </param>
            <param index="1">
              <value>
                <![CDATA[org.testng.TestRunner@43ecfeb5]]>
              </value>
            </param>
          </params>
          <reporter-output>
          </reporter-output>
        </test-method> <!-- getTestResult -->
        <test-method signature="executeTestCase(java.lang.String,java.lang.String,org.testng.ITestContext)[pri:0, instance:tests.Test_FlipkartSite@773f7880]" started-at="2025-12-08T21:16:08 IST" name="executeTestCase" data-provider="testData" finished-at="2025-12-08T21:16:08 IST" duration-ms="1" status="PASS">
          <params>
            <param index="0">
              <value>
                <![CDATA[applyRatingFilter]]>
              </value>
            </param>
            <param index="1">
              <value>
                <![CDATA[Yes]]>
              </value>
            </param>
            <param index="2">
              <value>
                <![CDATA[org.testng.TestRunner@43ecfeb5]]>
              </value>
            </param>
          </params>
          <reporter-output>
          </reporter-output>
        </test-method> <!-- executeTestCase -->
        <test-method is-config="true" signature="getTestResult(org.testng.ITestResult,org.testng.ITestContext)[pri:0, instance:tests.Test_FlipkartSite@773f7880]" started-at="2025-12-08T21:16:08 IST" name="getTestResult" finished-at="2025-12-08T21:16:08 IST" duration-ms="2" status="PASS">
          <params>
            <param index="0">
              <value>
                <![CDATA[[TestResult name=executeTestCase status=SUCCESS method=Test_FlipkartSite.executeTestCase(java.lang.String,java.lang.String,org.testng.ITestContext)[pri:0, instance:tests.Test_FlipkartSite@773f7880] output={null}]]]>
              </value>
            </param>
            <param index="1">
              <value>
                <![CDATA[org.testng.TestRunner@43ecfeb5]]>
              </value>
            </param>
          </params>
          <reporter-output>
          </reporter-output>
        </test-method> <!-- getTestResult -->
        <test-method signature="executeTestCase(java.lang.String,java.lang.String,org.testng.ITestContext)[pri:0, instance:tests.Test_FlipkartSite@773f7880]" started-at="2025-12-08T21:16:08 IST" name="executeTestCase" data-provider="testData" finished-at="2025-12-08T21:16:08 IST" duration-ms="4" status="PASS">
          <params>
            <param index="0">
              <value>
                <![CDATA[applyBatteryCapacityFilter]]>
              </value>
            </param>
            <param index="1">
              <value>
                <![CDATA[No]]>
              </value>
            </param>
            <param index="2">
              <value>
                <![CDATA[org.testng.TestRunner@43ecfeb5]]>
              </value>
            </param>
          </params>
          <reporter-output>
          </reporter-output>
        </test-method> <!-- executeTestCase -->
        <test-method is-config="true" signature="getTestResult(org.testng.ITestResult,org.testng.ITestContext)[pri:0, instance:tests.Test_FlipkartSite@773f7880]" started-at="2025-12-08T21:16:08 IST" name="getTestResult" finished-at="2025-12-08T21:16:08 IST" duration-ms="1" status="PASS">
          <params>
            <param index="0">
              <value>
                <![CDATA[[TestResult name=executeTestCase status=SUCCESS method=Test_FlipkartSite.executeTestCase(java.lang.String,java.lang.String,org.testng.ITestContext)[pri:0, instance:tests.Test_FlipkartSite@773f7880] output={null}]]]>
              </value>
            </param>
            <param index="1">
              <value>
                <![CDATA[org.testng.TestRunner@43ecfeb5]]>
              </value>
            </param>
          </params>
          <reporter-output>
          </reporter-output>
        </test-method> <!-- getTestResult -->
        <test-method signature="executeTestCase(java.lang.String,java.lang.String,org.testng.ITestContext)[pri:0, instance:tests.Test_FlipkartSite@773f7880]" started-at="2025-12-08T21:16:08 IST" name="executeTestCase" data-provider="testData" finished-at="2025-12-08T21:16:08 IST" duration-ms="2" status="PASS">
          <params>
            <param index="0">
              <value>
                <![CDATA[checkMenApparel]]>
              </value>
            </param>
            <param index="1">
              <value>
                <![CDATA[Yes]]>
              </value>
            </param>
            <param index="2">
              <value>
                <![CDATA[org.testng.TestRunner@43ecfeb5]]>
              </value>
            </param>
          </params>
          <reporter-output>
          </reporter-output>
        </test-method> <!-- executeTestCase -->
        <test-method is-config="true" signature="getTestResult(org.testng.ITestResult,org.testng.ITestContext)[pri:0, instance:tests.Test_FlipkartSite@773f7880]" started-at="2025-12-08T21:16:08 IST" name="getTestResult" finished-at="2025-12-08T21:16:08 IST" duration-ms="2" status="PASS">
          <params>
            <param index="0">
              <value>
                <![CDATA[[TestResult name=executeTestCase status=SUCCESS method=Test_FlipkartSite.executeTestCase(java.lang.String,java.lang.String,org.testng.ITestContext)[pri:0, instance:tests.Test_FlipkartSite@773f7880] output={null}]]]>
              </value>
            </param>
            <param index="1">
              <value>
                <![CDATA[org.testng.TestRunner@43ecfeb5]]>
              </value>
            </param>
          </params>
          <reporter-output>
          </reporter-output>
        </test-method> <!-- getTestResult -->
        <test-method signature="executeTestCase(java.lang.String,java.lang.String,org.testng.ITestContext)[pri:0, instance:tests.Test_FlipkartSite@773f7880]" started-at="2025-12-08T21:16:08 IST" name="executeTestCase" data-provider="testData" finished-at="2025-12-08T21:16:08 IST" duration-ms="0" status="PASS">
          <params>
            <param index="0">
              <value>
                <![CDATA[checkFurniture]]>
              </value>
            </param>
            <param index="1">
              <value>
                <![CDATA[No]]>
              </value>
            </param>
            <param index="2">
              <value>
                <![CDATA[org.testng.TestRunner@43ecfeb5]]>
              </value>
            </param>
          </params>
          <reporter-output>
          </reporter-output>
        </test-method> <!-- executeTestCase -->
        <test-method is-config="true" signature="getTestResult(org.testng.ITestResult,org.testng.ITestContext)[pri:0, instance:tests.Test_FlipkartSite@773f7880]" started-at="2025-12-08T21:16:08 IST" name="getTestResult" finished-at="2025-12-08T21:16:08 IST" duration-ms="4" status="PASS">
          <params>
            <param index="0">
              <value>
                <![CDATA[[TestResult name=executeTestCase status=SUCCESS method=Test_FlipkartSite.executeTestCase(java.lang.String,java.lang.String,org.testng.ITestContext)[pri:0, instance:tests.Test_FlipkartSite@773f7880] output={null}]]]>
              </value>
            </param>
            <param index="1">
              <value>
                <![CDATA[org.testng.TestRunner@43ecfeb5]]>
              </value>
            </param>
          </params>
          <reporter-output>
          </reporter-output>
        </test-method> <!-- getTestResult -->
        <test-method signature="executeTestCase(java.lang.String,java.lang.String,org.testng.ITestContext)[pri:0, instance:tests.Test_FlipkartSite@773f7880]" started-at="2025-12-08T21:16:08 IST" name="executeTestCase" data-provider="testData" finished-at="2025-12-08T21:16:08 IST" duration-ms="1" status="PASS">
          <params>
            <param index="0">
              <value>
                <![CDATA[checkOfferZone]]>
              </value>
            </param>
            <param index="1">
              <value>
                <![CDATA[Yes]]>
              </value>
            </param>
            <param index="2">
              <value>
                <![CDATA[org.testng.TestRunner@43ecfeb5]]>
              </value>
            </param>
          </params>
          <reporter-output>
          </reporter-output>
        </test-method> <!-- executeTestCase -->
        <test-method is-config="true" signature="getTestResult(org.testng.ITestResult,org.testng.ITestContext)[pri:0, instance:tests.Test_FlipkartSite@773f7880]" started-at="2025-12-08T21:16:08 IST" name="getTestResult" finished-at="2025-12-08T21:16:08 IST" duration-ms="1" status="PASS">
          <params>
            <param index="0">
              <value>
                <![CDATA[[TestResult name=executeTestCase status=SUCCESS method=Test_FlipkartSite.executeTestCase(java.lang.String,java.lang.String,org.testng.ITestContext)[pri:0, instance:tests.Test_FlipkartSite@773f7880] output={null}]]]>
              </value>
            </param>
            <param index="1">
              <value>
                <![CDATA[org.testng.TestRunner@43ecfeb5]]>
              </value>
            </param>
          </params>
          <reporter-output>
          </reporter-output>
        </test-method> <!-- getTestResult -->
        <test-method signature="executeTestCase(java.lang.String,java.lang.String,org.testng.ITestContext)[pri:0, instance:tests.Test_FlipkartSite@773f7880]" started-at="2025-12-08T21:16:08 IST" name="executeTestCase" data-provider="testData" finished-at="2025-12-08T21:16:08 IST" duration-ms="1" status="PASS">
          <params>
            <param index="0">
              <value>
                <![CDATA[checkGrocerySection]]>
              </value>
            </param>
            <param index="1">
              <value>
                <![CDATA[No]]>
              </value>
            </param>
            <param index="2">
              <value>
                <![CDATA[org.testng.TestRunner@43ecfeb5]]>
              </value>
            </param>
          </params>
          <reporter-output>
          </reporter-output>
        </test-method> <!-- executeTestCase -->
        <test-method is-config="true" signature="getTestResult(org.testng.ITestResult,org.testng.ITestContext)[pri:0, instance:tests.Test_FlipkartSite@773f7880]" started-at="2025-12-08T21:16:08 IST" name="getTestResult" finished-at="2025-12-08T21:16:08 IST" duration-ms="7" status="PASS">
          <params>
            <param index="0">
              <value>
                <![CDATA[[TestResult name=executeTestCase status=SUCCESS method=Test_FlipkartSite.executeTestCase(java.lang.String,java.lang.String,org.testng.ITestContext)[pri:0, instance:tests.Test_FlipkartSite@773f7880] output={null}]]]>
              </value>
            </param>
            <param index="1">
              <value>
                <![CDATA[org.testng.TestRunner@43ecfeb5]]>
              </value>
            </param>
          </params>
          <reporter-output>
          </reporter-output>
        </test-method> <!-- getTestResult -->
        <test-method signature="executeTestCase(java.lang.String,java.lang.String,org.testng.ITestContext)[pri:0, instance:tests.Test_FlipkartSite@773f7880]" started-at="2025-12-08T21:16:08 IST" name="executeTestCase" data-provider="testData" finished-at="2025-12-08T21:16:08 IST" duration-ms="1" status="PASS">
          <params>
            <param index="0">
              <value>
                <![CDATA[checkMyCart]]>
              </value>
            </param>
            <param index="1">
              <value>
                <![CDATA[Yes]]>
              </value>
            </param>
            <param index="2">
              <value>
                <![CDATA[org.testng.TestRunner@43ecfeb5]]>
              </value>
            </param>
          </params>
          <reporter-output>
          </reporter-output>
        </test-method> <!-- executeTestCase -->
        <test-method is-config="true" signature="getTestResult(org.testng.ITestResult,org.testng.ITestContext)[pri:0, instance:tests.Test_FlipkartSite@773f7880]" started-at="2025-12-08T21:16:08 IST" name="getTestResult" finished-at="2025-12-08T21:16:08 IST" duration-ms="2" status="PASS">
          <params>
            <param index="0">
              <value>
                <![CDATA[[TestResult name=executeTestCase status=SUCCESS method=Test_FlipkartSite.executeTestCase(java.lang.String,java.lang.String,org.testng.ITestContext)[pri:0, instance:tests.Test_FlipkartSite@773f7880] output={null}]]]>
              </value>
            </param>
            <param index="1">
              <value>
                <![CDATA[org.testng.TestRunner@43ecfeb5]]>
              </value>
            </param>
          </params>
          <reporter-output>
          </reporter-output>
        </test-method> <!-- getTestResult -->
        <test-method signature="executeTestCase(java.lang.String,java.lang.String,org.testng.ITestContext)[pri:0, instance:tests.Test_FlipkartSite@773f7880]" started-at="2025-12-08T21:16:08 IST" name="executeTestCase" data-provider="testData" finished-at="2025-12-08T21:16:08 IST" duration-ms="1" status="PASS">
          <params>
            <param index="0">
              <value>
                <![CDATA[checkFlights]]>
              </value>
            </param>
            <param index="1">
              <value>
                <![CDATA[Yes]]>
              </value>
            </param>
            <param index="2">
              <value>
                <![CDATA[org.testng.TestRunner@43ecfeb5]]>
              </value>
            </param>
          </params>
          <reporter-output>
          </reporter-output>
        </test-method> <!-- executeTestCase -->
        <test-method is-config="true" signature="getTestResult(org.testng.ITestResult,org.testng.ITestContext)[pri:0, instance:tests.Test_FlipkartSite@773f7880]" started-at="2025-12-08T21:16:08 IST" name="getTestResult" finished-at="2025-12-08T21:16:08 IST" duration-ms="2" status="PASS">
          <params>
            <param index="0">
              <value>
                <![CDATA[[TestResult name=executeTestCase status=SUCCESS method=Test_FlipkartSite.executeTestCase(java.lang.String,java.lang.String,org.testng.ITestContext)[pri:0, instance:tests.Test_FlipkartSite@773f7880] output={null}]]]>
              </value>
            </param>
            <param index="1">
              <value>
                <![CDATA[org.testng.TestRunner@43ecfeb5]]>
              </value>
            </param>
          </params>
          <reporter-output>
          </reporter-output>
        </test-method> <!-- getTestResult -->
        <test-method signature="executeTestCase(java.lang.String,java.lang.String,org.testng.ITestContext)[pri:0, instance:tests.Test_FlipkartSite@773f7880]" started-at="2025-12-08T21:16:08 IST" name="executeTestCase" data-provider="testData" finished-at="2025-12-08T21:16:08 IST" duration-ms="0" status="PASS">
          <params>
            <param index="0">
              <value>
                <![CDATA[registerUser]]>
              </value>
            </param>
            <param index="1">
              <value>
                <![CDATA[Yes]]>
              </value>
            </param>
            <param index="2">
              <value>
                <![CDATA[org.testng.TestRunner@43ecfeb5]]>
              </value>
            </param>
          </params>
          <reporter-output>
          </reporter-output>
        </test-method> <!-- executeTestCase -->
        <test-method is-config="true" signature="getTestResult(org.testng.ITestResult,org.testng.ITestContext)[pri:0, instance:tests.Test_FlipkartSite@773f7880]" started-at="2025-12-08T21:16:08 IST" name="getTestResult" finished-at="2025-12-08T21:16:08 IST" duration-ms="2" status="PASS">
          <params>
            <param index="0">
              <value>
                <![CDATA[[TestResult name=executeTestCase status=SUCCESS method=Test_FlipkartSite.executeTestCase(java.lang.String,java.lang.String,org.testng.ITestContext)[pri:0, instance:tests.Test_FlipkartSite@773f7880] output={null}]]]>
              </value>
            </param>
            <param index="1">
              <value>
                <![CDATA[org.testng.TestRunner@43ecfeb5]]>
              </value>
            </param>
          </params>
          <reporter-output>
          </reporter-output>
        </test-method> <!-- getTestResult -->
        <test-method signature="executeTestCase(java.lang.String,java.lang.String,org.testng.ITestContext)[pri:0, instance:tests.Test_FlipkartSite@773f7880]" started-at="2025-12-08T21:16:08 IST" name="executeTestCase" data-provider="testData" finished-at="2025-12-08T21:16:29 IST" duration-ms="20400" status="PASS">
          <params>
            <param index="0">
              <value>
                <![CDATA[checkLogin]]>
              </value>
            </param>
            <param index="1">
              <value>
                <![CDATA[Yes]]>
              </value>
            </param>
            <param index="2">
              <value>
                <![CDATA[org.testng.TestRunner@43ecfeb5]]>
              </value>
            </param>
          </params>
          <reporter-output>
          </reporter-output>
        </test-method> <!-- executeTestCase -->
        <test-method is-config="true" signature="getTestResult(org.testng.ITestResult,org.testng.ITestContext)[pri:0, instance:tests.Test_FlipkartSite@773f7880]" started-at="2025-12-08T21:16:29 IST" name="getTestResult" finished-at="2025-12-08T21:16:29 IST" duration-ms="1" status="PASS">
          <params>
            <param index="0">
              <value>
                <![CDATA[[TestResult name=executeTestCase status=SUCCESS method=Test_FlipkartSite.executeTestCase(java.lang.String,java.lang.String,org.testng.ITestContext)[pri:0, instance:tests.Test_FlipkartSite@773f7880] output={null}]]]>
              </value>
            </param>
            <param index="1">
              <value>
                <![CDATA[org.testng.TestRunner@43ecfeb5]]>
              </value>
            </param>
          </params>
          <reporter-output>
          </reporter-output>
        </test-method> <!-- getTestResult -->
        <test-method is-config="true" signature="tearDownTest()[pri:0, instance:tests.Test_FlipkartSite@773f7880]" started-at="2025-12-08T21:16:29 IST" name="tearDownTest" finished-at="2025-12-08T21:16:30 IST" duration-ms="1480" status="PASS">
          <reporter-output>
          </reporter-output>
        </test-method> <!-- tearDownTest -->
      </class> <!-- tests.Test_FlipkartSite -->
    </test> <!-- Default test -->
  </suite> <!-- Default suite -->
</testng-results>
