<?xml version="1.0" encoding="UTF-8"?>
<testng-results ignored="0" total="20" passed="18" failed="2" skipped="0">
  <reporter-output>
  </reporter-output>
  <suite started-at="2025-12-08T20:11:27 IST" name="Default suite" finished-at="2025-12-08T20:12:08 IST" duration-ms="41305">
    <groups>
    </groups>
    <test started-at="2025-12-08T20:11:27 IST" name="Default test" finished-at="2025-12-08T20:12:08 IST" duration-ms="41305">
      <class name="tests.Test_FlipkartSite">
        <test-method is-config="true" signature="initializeDriver(java.lang.String)[pri:0, instance:tests.Test_FlipkartSite@773f7880]" started-at="2025-12-08T20:11:27 IST" name="initializeDriver" finished-at="2025-12-08T20:11:33 IST" duration-ms="5765" status="PASS">
          <params>
            <param index="0">
              <value>
                <![CDATA[chrome]]>
              </value>
            </param>
          </params>
          <reporter-output>
          </reporter-output>
        </test-method> <!-- initializeDriver -->
        <test-method signature="executeTestCase(java.lang.String,java.lang.String,org.testng.ITestContext)[pri:0, instance:tests.Test_FlipkartSite@773f7880]" started-at="2025-12-08T20:11:35 IST" name="executeTestCase" data-provider="testData" finished-at="2025-12-08T20:11:38 IST" duration-ms="3346" status="PASS">
          <params>
            <param index="0">
              <value>
                <![CDATA[getFlipkartSite]]>
              </value>
            </param>
            <param index="1">
              <value>
                <![CDATA[Yes]]>
              </value>
            </param>
            <param index="2">
              <value>
                <![CDATA[org.testng.TestRunner@43ecfeb5]]>
              </value>
            </param>
          </params>
          <reporter-output>
          </reporter-output>
        </test-method> <!-- executeTestCase -->
        <test-method is-config="true" signature="getTestResult(org.testng.ITestResult,org.testng.ITestContext)[pri:0, instance:tests.Test_FlipkartSite@773f7880]" started-at="2025-12-08T20:11:38 IST" name="getTestResult" finished-at="2025-12-08T20:11:38 IST" duration-ms="18" status="PASS">
          <params>
            <param index="0">
              <value>
                <![CDATA[[TestResult name=executeTestCase status=SUCCESS method=Test_FlipkartSite.executeTestCase(java.lang.String,java.lang.String,org.testng.ITestContext)[pri:0, instance:tests.Test_FlipkartSite@773f7880] output={null}]]]>
              </value>
            </param>
            <param index="1">
              <value>
                <![CDATA[org.testng.TestRunner@43ecfeb5]]>
              </value>
            </param>
          </params>
          <reporter-output>
          </reporter-output>
        </test-method> <!-- getTestResult -->
        <test-method signature="executeTestCase(java.lang.String,java.lang.String,org.testng.ITestContext)[pri:0, instance:tests.Test_FlipkartSite@773f7880]" started-at="2025-12-08T20:11:38 IST" name="executeTestCase" data-provider="testData" finished-at="2025-12-08T20:11:38 IST" duration-ms="7" status="PASS">
          <params>
            <param index="0">
              <value>
                <![CDATA[clickOnProduct]]>
              </value>
            </param>
            <param index="1">
              <value>
                <![CDATA[No]]>
              </value>
            </param>
            <param index="2">
              <value>
                <![CDATA[org.testng.TestRunner@43ecfeb5]]>
              </value>
            </param>
          </params>
          <reporter-output>
          </reporter-output>
        </test-method> <!-- executeTestCase -->
        <test-method is-config="true" signature="getTestResult(org.testng.ITestResult,org.testng.ITestContext)[pri:0, instance:tests.Test_FlipkartSite@773f7880]" started-at="2025-12-08T20:11:38 IST" name="getTestResult" finished-at="2025-12-08T20:11:38 IST" duration-ms="9" status="PASS">
          <params>
            <param index="0">
              <value>
                <![CDATA[[TestResult name=executeTestCase status=SUCCESS method=Test_FlipkartSite.executeTestCase(java.lang.String,java.lang.String,org.testng.ITestContext)[pri:0, instance:tests.Test_FlipkartSite@773f7880] output={null}]]]>
              </value>
            </param>
            <param index="1">
              <value>
                <![CDATA[org.testng.TestRunner@43ecfeb5]]>
              </value>
            </param>
          </params>
          <reporter-output>
          </reporter-output>
        </test-method> <!-- getTestResult -->
        <test-method signature="executeTestCase(java.lang.String,java.lang.String,org.testng.ITestContext)[pri:0, instance:tests.Test_FlipkartSite@773f7880]" started-at="2025-12-08T20:11:38 IST" name="executeTestCase" data-provider="testData" finished-at="2025-12-08T20:11:38 IST" duration-ms="4" status="PASS">
          <params>
            <param index="0">
              <value>
                <![CDATA[searchProduct]]>
              </value>
            </param>
            <param index="1">
              <value>
                <![CDATA[Yes]]>
              </value>
            </param>
            <param index="2">
              <value>
                <![CDATA[org.testng.TestRunner@43ecfeb5]]>
              </value>
            </param>
          </params>
          <reporter-output>
          </reporter-output>
        </test-method> <!-- executeTestCase -->
        <test-method is-config="true" signature="getTestResult(org.testng.ITestResult,org.testng.ITestContext)[pri:0, instance:tests.Test_FlipkartSite@773f7880]" started-at="2025-12-08T20:11:38 IST" name="getTestResult" finished-at="2025-12-08T20:11:38 IST" duration-ms="1" status="PASS">
          <params>
            <param index="0">
              <value>
                <![CDATA[[TestResult name=executeTestCase status=SUCCESS method=Test_FlipkartSite.executeTestCase(java.lang.String,java.lang.String,org.testng.ITestContext)[pri:0, instance:tests.Test_FlipkartSite@773f7880] output={null}]]]>
              </value>
            </param>
            <param index="1">
              <value>
                <![CDATA[org.testng.TestRunner@43ecfeb5]]>
              </value>
            </param>
          </params>
          <reporter-output>
          </reporter-output>
        </test-method> <!-- getTestResult -->
        <test-method signature="executeTestCase(java.lang.String,java.lang.String,org.testng.ITestContext)[pri:0, instance:tests.Test_FlipkartSite@773f7880]" started-at="2025-12-08T20:11:38 IST" name="executeTestCase" data-provider="testData" finished-at="2025-12-08T20:11:38 IST" duration-ms="2" status="PASS">
          <params>
            <param index="0">
              <value>
                <![CDATA[changingPinCode]]>
              </value>
            </param>
            <param index="1">
              <value>
                <![CDATA[Yes]]>
              </value>
            </param>
            <param index="2">
              <value>
                <![CDATA[org.testng.TestRunner@43ecfeb5]]>
              </value>
            </param>
          </params>
          <reporter-output>
          </reporter-output>
        </test-method> <!-- executeTestCase -->
        <test-method is-config="true" signature="getTestResult(org.testng.ITestResult,org.testng.ITestContext)[pri:0, instance:tests.Test_FlipkartSite@773f7880]" started-at="2025-12-08T20:11:38 IST" name="getTestResult" finished-at="2025-12-08T20:11:38 IST" duration-ms="5" status="PASS">
          <params>
            <param index="0">
              <value>
                <![CDATA[[TestResult name=executeTestCase status=SUCCESS method=Test_FlipkartSite.executeTestCase(java.lang.String,java.lang.String,org.testng.ITestContext)[pri:0, instance:tests.Test_FlipkartSite@773f7880] output={null}]]]>
              </value>
            </param>
            <param index="1">
              <value>
                <![CDATA[org.testng.TestRunner@43ecfeb5]]>
              </value>
            </param>
          </params>
          <reporter-output>
          </reporter-output>
        </test-method> <!-- getTestResult -->
        <test-method signature="executeTestCase(java.lang.String,java.lang.String,org.testng.ITestContext)[pri:0, instance:tests.Test_FlipkartSite@773f7880]" started-at="2025-12-08T20:11:38 IST" name="executeTestCase" data-provider="testData" finished-at="2025-12-08T20:11:38 IST" duration-ms="2" status="PASS">
          <params>
            <param index="0">
              <value>
                <![CDATA[checkProductImages]]>
              </value>
            </param>
            <param index="1">
              <value>
                <![CDATA[Yes]]>
              </value>
            </param>
            <param index="2">
              <value>
                <![CDATA[org.testng.TestRunner@43ecfeb5]]>
              </value>
            </param>
          </params>
          <reporter-output>
          </reporter-output>
        </test-method> <!-- executeTestCase -->
        <test-method is-config="true" signature="getTestResult(org.testng.ITestResult,org.testng.ITestContext)[pri:0, instance:tests.Test_FlipkartSite@773f7880]" started-at="2025-12-08T20:11:38 IST" name="getTestResult" finished-at="2025-12-08T20:11:38 IST" duration-ms="3" status="PASS">
          <params>
            <param index="0">
              <value>
                <![CDATA[[TestResult name=executeTestCase status=SUCCESS method=Test_FlipkartSite.executeTestCase(java.lang.String,java.lang.String,org.testng.ITestContext)[pri:0, instance:tests.Test_FlipkartSite@773f7880] output={null}]]]>
              </value>
            </param>
            <param index="1">
              <value>
                <![CDATA[org.testng.TestRunner@43ecfeb5]]>
              </value>
            </param>
          </params>
          <reporter-output>
          </reporter-output>
        </test-method> <!-- getTestResult -->
        <test-method signature="executeTestCase(java.lang.String,java.lang.String,org.testng.ITestContext)[pri:0, instance:tests.Test_FlipkartSite@773f7880]" started-at="2025-12-08T20:11:38 IST" name="executeTestCase" data-provider="testData" finished-at="2025-12-08T20:11:38 IST" duration-ms="3" status="PASS">
          <params>
            <param index="0">
              <value>
                <![CDATA[addToCart]]>
              </value>
            </param>
            <param index="1">
              <value>
                <![CDATA[Yes]]>
              </value>
            </param>
            <param index="2">
              <value>
                <![CDATA[org.testng.TestRunner@43ecfeb5]]>
              </value>
            </param>
          </params>
          <reporter-output>
          </reporter-output>
        </test-method> <!-- executeTestCase -->
        <test-method is-config="true" signature="getTestResult(org.testng.ITestResult,org.testng.ITestContext)[pri:0, instance:tests.Test_FlipkartSite@773f7880]" started-at="2025-12-08T20:11:38 IST" name="getTestResult" finished-at="2025-12-08T20:11:38 IST" duration-ms="1" status="PASS">
          <params>
            <param index="0">
              <value>
                <![CDATA[[TestResult name=executeTestCase status=SUCCESS method=Test_FlipkartSite.executeTestCase(java.lang.String,java.lang.String,org.testng.ITestContext)[pri:0, instance:tests.Test_FlipkartSite@773f7880] output={null}]]]>
              </value>
            </param>
            <param index="1">
              <value>
                <![CDATA[org.testng.TestRunner@43ecfeb5]]>
              </value>
            </param>
          </params>
          <reporter-output>
          </reporter-output>
        </test-method> <!-- getTestResult -->
        <test-method signature="executeTestCase(java.lang.String,java.lang.String,org.testng.ITestContext)[pri:0, instance:tests.Test_FlipkartSite@773f7880]" started-at="2025-12-08T20:11:38 IST" name="executeTestCase" data-provider="testData" finished-at="2025-12-08T20:11:38 IST" duration-ms="2" status="PASS">
          <params>
            <param index="0">
              <value>
                <![CDATA[placeOrder]]>
              </value>
            </param>
            <param index="1">
              <value>
                <![CDATA[Yes]]>
              </value>
            </param>
            <param index="2">
              <value>
                <![CDATA[org.testng.TestRunner@43ecfeb5]]>
              </value>
            </param>
          </params>
          <reporter-output>
          </reporter-output>
        </test-method> <!-- executeTestCase -->
        <test-method is-config="true" signature="getTestResult(org.testng.ITestResult,org.testng.ITestContext)[pri:0, instance:tests.Test_FlipkartSite@773f7880]" started-at="2025-12-08T20:11:38 IST" name="getTestResult" finished-at="2025-12-08T20:11:38 IST" duration-ms="3" status="PASS">
          <params>
            <param index="0">
              <value>
                <![CDATA[[TestResult name=executeTestCase status=SUCCESS method=Test_FlipkartSite.executeTestCase(java.lang.String,java.lang.String,org.testng.ITestContext)[pri:0, instance:tests.Test_FlipkartSite@773f7880] output={null}]]]>
              </value>
            </param>
            <param index="1">
              <value>
                <![CDATA[org.testng.TestRunner@43ecfeb5]]>
              </value>
            </param>
          </params>
          <reporter-output>
          </reporter-output>
        </test-method> <!-- getTestResult -->
        <test-method signature="executeTestCase(java.lang.String,java.lang.String,org.testng.ITestContext)[pri:0, instance:tests.Test_FlipkartSite@773f7880]" started-at="2025-12-08T20:11:38 IST" name="executeTestCase" data-provider="testData" finished-at="2025-12-08T20:11:38 IST" duration-ms="2" status="PASS">
          <params>
            <param index="0">
              <value>
                <![CDATA[sortProduct]]>
              </value>
            </param>
            <param index="1">
              <value>
                <![CDATA[Yes]]>
              </value>
            </param>
            <param index="2">
              <value>
                <![CDATA[org.testng.TestRunner@43ecfeb5]]>
              </value>
            </param>
          </params>
          <reporter-output>
          </reporter-output>
        </test-method> <!-- executeTestCase -->
        <test-method is-config="true" signature="getTestResult(org.testng.ITestResult,org.testng.ITestContext)[pri:0, instance:tests.Test_FlipkartSite@773f7880]" started-at="2025-12-08T20:11:38 IST" name="getTestResult" finished-at="2025-12-08T20:11:38 IST" duration-ms="3" status="PASS">
          <params>
            <param index="0">
              <value>
                <![CDATA[[TestResult name=executeTestCase status=SUCCESS method=Test_FlipkartSite.executeTestCase(java.lang.String,java.lang.String,org.testng.ITestContext)[pri:0, instance:tests.Test_FlipkartSite@773f7880] output={null}]]]>
              </value>
            </param>
            <param index="1">
              <value>
                <![CDATA[org.testng.TestRunner@43ecfeb5]]>
              </value>
            </param>
          </params>
          <reporter-output>
          </reporter-output>
        </test-method> <!-- getTestResult -->
        <test-method signature="executeTestCase(java.lang.String,java.lang.String,org.testng.ITestContext)[pri:0, instance:tests.Test_FlipkartSite@773f7880]" started-at="2025-12-08T20:11:38 IST" name="executeTestCase" data-provider="testData" finished-at="2025-12-08T20:11:38 IST" duration-ms="3" status="PASS">
          <params>
            <param index="0">
              <value>
                <![CDATA[applyPriceFilter]]>
              </value>
            </param>
            <param index="1">
              <value>
                <![CDATA[Yes]]>
              </value>
            </param>
            <param index="2">
              <value>
                <![CDATA[org.testng.TestRunner@43ecfeb5]]>
              </value>
            </param>
          </params>
          <reporter-output>
          </reporter-output>
        </test-method> <!-- executeTestCase -->
        <test-method is-config="true" signature="getTestResult(org.testng.ITestResult,org.testng.ITestContext)[pri:0, instance:tests.Test_FlipkartSite@773f7880]" started-at="2025-12-08T20:11:38 IST" name="getTestResult" finished-at="2025-12-08T20:11:38 IST" duration-ms="2" status="PASS">
          <params>
            <param index="0">
              <value>
                <![CDATA[[TestResult name=executeTestCase status=SUCCESS method=Test_FlipkartSite.executeTestCase(java.lang.String,java.lang.String,org.testng.ITestContext)[pri:0, instance:tests.Test_FlipkartSite@773f7880] output={null}]]]>
              </value>
            </param>
            <param index="1">
              <value>
                <![CDATA[org.testng.TestRunner@43ecfeb5]]>
              </value>
            </param>
          </params>
          <reporter-output>
          </reporter-output>
        </test-method> <!-- getTestResult -->
        <test-method signature="executeTestCase(java.lang.String,java.lang.String,org.testng.ITestContext)[pri:0, instance:tests.Test_FlipkartSite@773f7880]" started-at="2025-12-08T20:11:38 IST" name="executeTestCase" data-provider="testData" finished-at="2025-12-08T20:11:38 IST" duration-ms="2" status="PASS">
          <params>
            <param index="0">
              <value>
                <![CDATA[applyBrandFilter]]>
              </value>
            </param>
            <param index="1">
              <value>
                <![CDATA[Yes]]>
              </value>
            </param>
            <param index="2">
              <value>
                <![CDATA[org.testng.TestRunner@43ecfeb5]]>
              </value>
            </param>
          </params>
          <reporter-output>
          </reporter-output>
        </test-method> <!-- executeTestCase -->
        <test-method is-config="true" signature="getTestResult(org.testng.ITestResult,org.testng.ITestContext)[pri:0, instance:tests.Test_FlipkartSite@773f7880]" started-at="2025-12-08T20:11:38 IST" name="getTestResult" finished-at="2025-12-08T20:11:38 IST" duration-ms="2" status="PASS">
          <params>
            <param index="0">
              <value>
                <![CDATA[[TestResult name=executeTestCase status=SUCCESS method=Test_FlipkartSite.executeTestCase(java.lang.String,java.lang.String,org.testng.ITestContext)[pri:0, instance:tests.Test_FlipkartSite@773f7880] output={null}]]]>
              </value>
            </param>
            <param index="1">
              <value>
                <![CDATA[org.testng.TestRunner@43ecfeb5]]>
              </value>
            </param>
          </params>
          <reporter-output>
          </reporter-output>
        </test-method> <!-- getTestResult -->
        <test-method signature="executeTestCase(java.lang.String,java.lang.String,org.testng.ITestContext)[pri:0, instance:tests.Test_FlipkartSite@773f7880]" started-at="2025-12-08T20:11:38 IST" name="executeTestCase" data-provider="testData" finished-at="2025-12-08T20:11:38 IST" duration-ms="3" status="PASS">
          <params>
            <param index="0">
              <value>
                <![CDATA[applyRatingFilter]]>
              </value>
            </param>
            <param index="1">
              <value>
                <![CDATA[Yes]]>
              </value>
            </param>
            <param index="2">
              <value>
                <![CDATA[org.testng.TestRunner@43ecfeb5]]>
              </value>
            </param>
          </params>
          <reporter-output>
          </reporter-output>
        </test-method> <!-- executeTestCase -->
        <test-method is-config="true" signature="getTestResult(org.testng.ITestResult,org.testng.ITestContext)[pri:0, instance:tests.Test_FlipkartSite@773f7880]" started-at="2025-12-08T20:11:38 IST" name="getTestResult" finished-at="2025-12-08T20:11:38 IST" duration-ms="1" status="PASS">
          <params>
            <param index="0">
              <value>
                <![CDATA[[TestResult name=executeTestCase status=SUCCESS method=Test_FlipkartSite.executeTestCase(java.lang.String,java.lang.String,org.testng.ITestContext)[pri:0, instance:tests.Test_FlipkartSite@773f7880] output={null}]]]>
              </value>
            </param>
            <param index="1">
              <value>
                <![CDATA[org.testng.TestRunner@43ecfeb5]]>
              </value>
            </param>
          </params>
          <reporter-output>
          </reporter-output>
        </test-method> <!-- getTestResult -->
        <test-method signature="executeTestCase(java.lang.String,java.lang.String,org.testng.ITestContext)[pri:0, instance:tests.Test_FlipkartSite@773f7880]" started-at="2025-12-08T20:11:38 IST" name="executeTestCase" data-provider="testData" finished-at="2025-12-08T20:11:38 IST" duration-ms="2" status="PASS">
          <params>
            <param index="0">
              <value>
                <![CDATA[applyBatteryCapacityFilter]]>
              </value>
            </param>
            <param index="1">
              <value>
                <![CDATA[No]]>
              </value>
            </param>
            <param index="2">
              <value>
                <![CDATA[org.testng.TestRunner@43ecfeb5]]>
              </value>
            </param>
          </params>
          <reporter-output>
          </reporter-output>
        </test-method> <!-- executeTestCase -->
        <test-method is-config="true" signature="getTestResult(org.testng.ITestResult,org.testng.ITestContext)[pri:0, instance:tests.Test_FlipkartSite@773f7880]" started-at="2025-12-08T20:11:38 IST" name="getTestResult" finished-at="2025-12-08T20:11:38 IST" duration-ms="1" status="PASS">
          <params>
            <param index="0">
              <value>
                <![CDATA[[TestResult name=executeTestCase status=SUCCESS method=Test_FlipkartSite.executeTestCase(java.lang.String,java.lang.String,org.testng.ITestContext)[pri:0, instance:tests.Test_FlipkartSite@773f7880] output={null}]]]>
              </value>
            </param>
            <param index="1">
              <value>
                <![CDATA[org.testng.TestRunner@43ecfeb5]]>
              </value>
            </param>
          </params>
          <reporter-output>
          </reporter-output>
        </test-method> <!-- getTestResult -->
        <test-method signature="executeTestCase(java.lang.String,java.lang.String,org.testng.ITestContext)[pri:0, instance:tests.Test_FlipkartSite@773f7880]" started-at="2025-12-08T20:11:38 IST" name="executeTestCase" data-provider="testData" finished-at="2025-12-08T20:11:38 IST" duration-ms="2" status="PASS">
          <params>
            <param index="0">
              <value>
                <![CDATA[checkMenApparel]]>
              </value>
            </param>
            <param index="1">
              <value>
                <![CDATA[Yes]]>
              </value>
            </param>
            <param index="2">
              <value>
                <![CDATA[org.testng.TestRunner@43ecfeb5]]>
              </value>
            </param>
          </params>
          <reporter-output>
          </reporter-output>
        </test-method> <!-- executeTestCase -->
        <test-method is-config="true" signature="getTestResult(org.testng.ITestResult,org.testng.ITestContext)[pri:0, instance:tests.Test_FlipkartSite@773f7880]" started-at="2025-12-08T20:11:38 IST" name="getTestResult" finished-at="2025-12-08T20:11:38 IST" duration-ms="2" status="PASS">
          <params>
            <param index="0">
              <value>
                <![CDATA[[TestResult name=executeTestCase status=SUCCESS method=Test_FlipkartSite.executeTestCase(java.lang.String,java.lang.String,org.testng.ITestContext)[pri:0, instance:tests.Test_FlipkartSite@773f7880] output={null}]]]>
              </value>
            </param>
            <param index="1">
              <value>
                <![CDATA[org.testng.TestRunner@43ecfeb5]]>
              </value>
            </param>
          </params>
          <reporter-output>
          </reporter-output>
        </test-method> <!-- getTestResult -->
        <test-method signature="executeTestCase(java.lang.String,java.lang.String,org.testng.ITestContext)[pri:0, instance:tests.Test_FlipkartSite@773f7880]" started-at="2025-12-08T20:11:38 IST" name="executeTestCase" data-provider="testData" finished-at="2025-12-08T20:11:38 IST" duration-ms="2" status="PASS">
          <params>
            <param index="0">
              <value>
                <![CDATA[checkFurniture]]>
              </value>
            </param>
            <param index="1">
              <value>
                <![CDATA[No]]>
              </value>
            </param>
            <param index="2">
              <value>
                <![CDATA[org.testng.TestRunner@43ecfeb5]]>
              </value>
            </param>
          </params>
          <reporter-output>
          </reporter-output>
        </test-method> <!-- executeTestCase -->
        <test-method is-config="true" signature="getTestResult(org.testng.ITestResult,org.testng.ITestContext)[pri:0, instance:tests.Test_FlipkartSite@773f7880]" started-at="2025-12-08T20:11:38 IST" name="getTestResult" finished-at="2025-12-08T20:11:38 IST" duration-ms="3" status="PASS">
          <params>
            <param index="0">
              <value>
                <![CDATA[[TestResult name=executeTestCase status=SUCCESS method=Test_FlipkartSite.executeTestCase(java.lang.String,java.lang.String,org.testng.ITestContext)[pri:0, instance:tests.Test_FlipkartSite@773f7880] output={null}]]]>
              </value>
            </param>
            <param index="1">
              <value>
                <![CDATA[org.testng.TestRunner@43ecfeb5]]>
              </value>
            </param>
          </params>
          <reporter-output>
          </reporter-output>
        </test-method> <!-- getTestResult -->
        <test-method signature="executeTestCase(java.lang.String,java.lang.String,org.testng.ITestContext)[pri:0, instance:tests.Test_FlipkartSite@773f7880]" started-at="2025-12-08T20:11:38 IST" name="executeTestCase" data-provider="testData" finished-at="2025-12-08T20:11:38 IST" duration-ms="2" status="PASS">
          <params>
            <param index="0">
              <value>
                <![CDATA[checkOfferZone]]>
              </value>
            </param>
            <param index="1">
              <value>
                <![CDATA[Yes]]>
              </value>
            </param>
            <param index="2">
              <value>
                <![CDATA[org.testng.TestRunner@43ecfeb5]]>
              </value>
            </param>
          </params>
          <reporter-output>
          </reporter-output>
        </test-method> <!-- executeTestCase -->
        <test-method is-config="true" signature="getTestResult(org.testng.ITestResult,org.testng.ITestContext)[pri:0, instance:tests.Test_FlipkartSite@773f7880]" started-at="2025-12-08T20:11:38 IST" name="getTestResult" finished-at="2025-12-08T20:11:38 IST" duration-ms="2" status="PASS">
          <params>
            <param index="0">
              <value>
                <![CDATA[[TestResult name=executeTestCase status=SUCCESS method=Test_FlipkartSite.executeTestCase(java.lang.String,java.lang.String,org.testng.ITestContext)[pri:0, instance:tests.Test_FlipkartSite@773f7880] output={null}]]]>
              </value>
            </param>
            <param index="1">
              <value>
                <![CDATA[org.testng.TestRunner@43ecfeb5]]>
              </value>
            </param>
          </params>
          <reporter-output>
          </reporter-output>
        </test-method> <!-- getTestResult -->
        <test-method signature="executeTestCase(java.lang.String,java.lang.String,org.testng.ITestContext)[pri:0, instance:tests.Test_FlipkartSite@773f7880]" started-at="2025-12-08T20:11:38 IST" name="executeTestCase" data-provider="testData" finished-at="2025-12-08T20:11:38 IST" duration-ms="5" status="PASS">
          <params>
            <param index="0">
              <value>
                <![CDATA[checkGrocerySection]]>
              </value>
            </param>
            <param index="1">
              <value>
                <![CDATA[No]]>
              </value>
            </param>
            <param index="2">
              <value>
                <![CDATA[org.testng.TestRunner@43ecfeb5]]>
              </value>
            </param>
          </params>
          <reporter-output>
          </reporter-output>
        </test-method> <!-- executeTestCase -->
        <test-method is-config="true" signature="getTestResult(org.testng.ITestResult,org.testng.ITestContext)[pri:0, instance:tests.Test_FlipkartSite@773f7880]" started-at="2025-12-08T20:11:38 IST" name="getTestResult" finished-at="2025-12-08T20:11:38 IST" duration-ms="2" status="PASS">
          <params>
            <param index="0">
              <value>
                <![CDATA[[TestResult name=executeTestCase status=SUCCESS method=Test_FlipkartSite.executeTestCase(java.lang.String,java.lang.String,org.testng.ITestContext)[pri:0, instance:tests.Test_FlipkartSite@773f7880] output={null}]]]>
              </value>
            </param>
            <param index="1">
              <value>
                <![CDATA[org.testng.TestRunner@43ecfeb5]]>
              </value>
            </param>
          </params>
          <reporter-output>
          </reporter-output>
        </test-method> <!-- getTestResult -->
        <test-method signature="executeTestCase(java.lang.String,java.lang.String,org.testng.ITestContext)[pri:0, instance:tests.Test_FlipkartSite@773f7880]" started-at="2025-12-08T20:11:38 IST" name="executeTestCase" data-provider="testData" finished-at="2025-12-08T20:11:38 IST" duration-ms="3" status="PASS">
          <params>
            <param index="0">
              <value>
                <![CDATA[checkMyCart]]>
              </value>
            </param>
            <param index="1">
              <value>
                <![CDATA[Yes]]>
              </value>
            </param>
            <param index="2">
              <value>
                <![CDATA[org.testng.TestRunner@43ecfeb5]]>
              </value>
            </param>
          </params>
          <reporter-output>
          </reporter-output>
        </test-method> <!-- executeTestCase -->
        <test-method is-config="true" signature="getTestResult(org.testng.ITestResult,org.testng.ITestContext)[pri:0, instance:tests.Test_FlipkartSite@773f7880]" started-at="2025-12-08T20:11:38 IST" name="getTestResult" finished-at="2025-12-08T20:11:38 IST" duration-ms="3" status="PASS">
          <params>
            <param index="0">
              <value>
                <![CDATA[[TestResult name=executeTestCase status=SUCCESS method=Test_FlipkartSite.executeTestCase(java.lang.String,java.lang.String,org.testng.ITestContext)[pri:0, instance:tests.Test_FlipkartSite@773f7880] output={null}]]]>
              </value>
            </param>
            <param index="1">
              <value>
                <![CDATA[org.testng.TestRunner@43ecfeb5]]>
              </value>
            </param>
          </params>
          <reporter-output>
          </reporter-output>
        </test-method> <!-- getTestResult -->
        <test-method signature="executeTestCase(java.lang.String,java.lang.String,org.testng.ITestContext)[pri:0, instance:tests.Test_FlipkartSite@773f7880]" started-at="2025-12-08T20:11:38 IST" name="executeTestCase" data-provider="testData" finished-at="2025-12-08T20:11:38 IST" duration-ms="2" status="PASS">
          <params>
            <param index="0">
              <value>
                <![CDATA[checkFlights]]>
              </value>
            </param>
            <param index="1">
              <value>
                <![CDATA[Yes]]>
              </value>
            </param>
            <param index="2">
              <value>
                <![CDATA[org.testng.TestRunner@43ecfeb5]]>
              </value>
            </param>
          </params>
          <reporter-output>
          </reporter-output>
        </test-method> <!-- executeTestCase -->
        <test-method is-config="true" signature="getTestResult(org.testng.ITestResult,org.testng.ITestContext)[pri:0, instance:tests.Test_FlipkartSite@773f7880]" started-at="2025-12-08T20:11:38 IST" name="getTestResult" finished-at="2025-12-08T20:11:38 IST" duration-ms="1" status="PASS">
          <params>
            <param index="0">
              <value>
                <![CDATA[[TestResult name=executeTestCase status=SUCCESS method=Test_FlipkartSite.executeTestCase(java.lang.String,java.lang.String,org.testng.ITestContext)[pri:0, instance:tests.Test_FlipkartSite@773f7880] output={null}]]]>
              </value>
            </param>
            <param index="1">
              <value>
                <![CDATA[org.testng.TestRunner@43ecfeb5]]>
              </value>
            </param>
          </params>
          <reporter-output>
          </reporter-output>
        </test-method> <!-- getTestResult -->
        <test-method signature="executeTestCase(java.lang.String,java.lang.String,org.testng.ITestContext)[pri:0, instance:tests.Test_FlipkartSite@773f7880]" started-at="2025-12-08T20:11:38 IST" name="executeTestCase" data-provider="testData" finished-at="2025-12-08T20:11:54 IST" duration-ms="16164" status="FAIL">
          <params>
            <param index="0">
              <value>
                <![CDATA[registerUser]]>
              </value>
            </param>
            <param index="1">
              <value>
                <![CDATA[Yes]]>
              </value>
            </param>
            <param index="2">
              <value>
                <![CDATA[org.testng.TestRunner@43ecfeb5]]>
              </value>
            </param>
          </params>
          <exception class="org.openqa.selenium.NoSuchElementException">
            <message>
              <![CDATA[no such element: Unable to locate element: {"method":"xpath","selector":"//input[@class='_18u87m _3WuvDp'] | //input[contains(@class,'_18u87m')]"}
  (Session info: chrome=143.0.7499.40)
For documentation on this error, please visit: https://www.selenium.dev/documentation/webdriver/troubleshooting/errors#nosuchelementexception
Build info: version: '4.38.0', revision: '6b412e825c*'
System info: os.name: 'Windows 11', os.arch: 'amd64', os.version: '10.0', java.version: '11.0.28'
Driver info: org.openqa.selenium.chrome.ChromeDriver
Command: [3b2d8ebe140b9b3dc48530d39379920a, findElement {value=//input[@class='_18u87m _3WuvDp'] | //input[contains(@class,'_18u87m')], using=xpath}]
Capabilities {acceptInsecureCerts: false, browserName: chrome, browserVersion: 143.0.7499.40, chrome: {chromedriverVersion: 143.0.7499.40 (c23ff452476d..., userDataDir: C:\Users\SSAKLE~1\AppData\L...}, fedcm:accounts: true, goog:chromeOptions: {debuggerAddress: localhost:56309}, goog:processID: 25780, networkConnectionEnabled: false, pageLoadStrategy: normal, platformName: windows, proxy: Proxy(), se:cdp: ws://localhost:56309/devtoo..., se:cdpVersion: 143.0.7499.40, setWindowRect: true, strictFileInteractability: false, timeouts: {implicit: 0, pageLoad: 300000, script: 30000}, unhandledPromptBehavior: dismiss and notify, webauthn:extension:credBlob: true, webauthn:extension:largeBlob: true, webauthn:extension:minPinLength: true, webauthn:extension:prf: true, webauthn:virtualAuthenticators: true}
Session ID: 3b2d8ebe140b9b3dc48530d39379920a]]>
            </message>
            <full-stacktrace>
              <![CDATA[org.openqa.selenium.NoSuchElementException: no such element: Unable to locate element: {"method":"xpath","selector":"//input[@class='_18u87m _3WuvDp'] | //input[contains(@class,'_18u87m')]"}
  (Session info: chrome=143.0.7499.40)
For documentation on this error, please visit: https://www.selenium.dev/documentation/webdriver/troubleshooting/errors#nosuchelementexception
Build info: version: '4.38.0', revision: '6b412e825c*'
System info: os.name: 'Windows 11', os.arch: 'amd64', os.version: '10.0', java.version: '11.0.28'
Driver info: org.openqa.selenium.chrome.ChromeDriver
Command: [3b2d8ebe140b9b3dc48530d39379920a, findElement {value=//input[@class='_18u87m _3WuvDp'] | //input[contains(@class,'_18u87m')], using=xpath}]
Capabilities {acceptInsecureCerts: false, browserName: chrome, browserVersion: 143.0.7499.40, chrome: {chromedriverVersion: 143.0.7499.40 (c23ff452476d..., userDataDir: C:\Users\SSAKLE~1\AppData\L...}, fedcm:accounts: true, goog:chromeOptions: {debuggerAddress: localhost:56309}, goog:processID: 25780, networkConnectionEnabled: false, pageLoadStrategy: normal, platformName: windows, proxy: Proxy(), se:cdp: ws://localhost:56309/devtoo..., se:cdpVersion: 143.0.7499.40, setWindowRect: true, strictFileInteractability: false, timeouts: {implicit: 0, pageLoad: 300000, script: 30000}, unhandledPromptBehavior: dismiss and notify, webauthn:extension:credBlob: true, webauthn:extension:largeBlob: true, webauthn:extension:minPinLength: true, webauthn:extension:prf: true, webauthn:virtualAuthenticators: true}
Session ID: 3b2d8ebe140b9b3dc48530d39379920a
at java.base/jdk.internal.reflect.NativeConstructorAccessorImpl.newInstance0(Native Method)
at java.base/jdk.internal.reflect.NativeConstructorAccessorImpl.newInstance(NativeConstructorAccessorImpl.java:62)
at java.base/jdk.internal.reflect.DelegatingConstructorAccessorImpl.newInstance(DelegatingConstructorAccessorImpl.java:45)
at java.base/java.lang.reflect.Constructor.newInstance(Constructor.java:490)
at org.openqa.selenium.remote.ErrorCodec.decode(ErrorCodec.java:167)
at org.openqa.selenium.remote.codec.w3c.W3CHttpResponseCodec.decode(W3CHttpResponseCodec.java:138)
at org.openqa.selenium.remote.codec.w3c.W3CHttpResponseCodec.decode(W3CHttpResponseCodec.java:50)
at org.openqa.selenium.remote.HttpCommandExecutor.execute(HttpCommandExecutor.java:215)
at org.openqa.selenium.remote.service.DriverCommandExecutor.invokeExecute(DriverCommandExecutor.java:216)
at org.openqa.selenium.remote.service.DriverCommandExecutor.execute(DriverCommandExecutor.java:174)
at org.openqa.selenium.remote.RemoteWebDriver.execute(RemoteWebDriver.java:557)
at org.openqa.selenium.remote.ElementLocation$ElementFinder$2.findElement(ElementLocation.java:165)
at org.openqa.selenium.remote.ElementLocation.findElement(ElementLocation.java:59)
at org.openqa.selenium.remote.RemoteWebDriver.findElement(RemoteWebDriver.java:380)
at org.openqa.selenium.remote.RemoteWebDriver.findElement(RemoteWebDriver.java:374)
at org.openqa.selenium.support.pagefactory.DefaultElementLocator.findElement(DefaultElementLocator.java:68)
at org.openqa.selenium.support.pagefactory.internal.LocatingElementHandler.invoke(LocatingElementHandler.java:38)
at com.sun.proxy.$Proxy31.click(Unknown Source)
at pages.FlipkartRegister.clickEmailBox(FlipkartRegister.java:64)
at tests.Test_FlipkartSite.registerUser(Test_FlipkartSite.java:574)
at tests.Test_FlipkartSite.executeTestCase(Test_FlipkartSite.java:173)
at jdk.internal.reflect.GeneratedMethodAccessor1.invoke(Unknown Source)
at java.base/jdk.internal.reflect.DelegatingMethodAccessorImpl.invoke(DelegatingMethodAccessorImpl.java:43)
at java.base/java.lang.reflect.Method.invoke(Method.java:566)
at org.testng.internal.invokers.MethodInvocationHelper.invokeMethod(MethodInvocationHelper.java:141)
at org.testng.internal.invokers.TestInvoker.invokeMethod(TestInvoker.java:687)
at org.testng.internal.invokers.TestInvoker.invokeTestMethod(TestInvoker.java:230)
at org.testng.internal.invokers.MethodRunner.runInSequence(MethodRunner.java:63)
at org.testng.internal.invokers.TestInvoker$MethodInvocationAgent.invoke(TestInvoker.java:995)
at org.testng.internal.invokers.TestInvoker.invokeTestMethods(TestInvoker.java:203)
at org.testng.internal.invokers.TestMethodWorker.invokeTestMethods(TestMethodWorker.java:154)
at org.testng.internal.invokers.TestMethodWorker.run(TestMethodWorker.java:134)
at java.base/java.util.ArrayList.forEach(ArrayList.java:1541)
at org.testng.TestRunner.privateRun(TestRunner.java:741)
at org.testng.TestRunner.run(TestRunner.java:616)
at org.testng.SuiteRunner.runTest(SuiteRunner.java:421)
at org.testng.SuiteRunner.runSequentially(SuiteRunner.java:413)
at org.testng.SuiteRunner.privateRun(SuiteRunner.java:373)
at org.testng.SuiteRunner.run(SuiteRunner.java:312)
at org.testng.SuiteRunnerWorker.runSuite(SuiteRunnerWorker.java:52)
at org.testng.SuiteRunnerWorker.run(SuiteRunnerWorker.java:95)
at org.testng.TestNG.runSuitesSequentially(TestNG.java:1274)
at org.testng.TestNG.runSuitesLocally(TestNG.java:1208)
at org.testng.TestNG.runSuites(TestNG.java:1112)
at org.testng.TestNG.run(TestNG.java:1079)
at org.testng.remote.AbstractRemoteTestNG.run(AbstractRemoteTestNG.java:115)
at org.testng.remote.RemoteTestNG.initAndRun(RemoteTestNG.java:293)
at org.testng.remote.RemoteTestNG.main(RemoteTestNG.java:91)
]]>
            </full-stacktrace>
          </exception> <!-- org.openqa.selenium.NoSuchElementException -->
          <reporter-output>
          </reporter-output>
        </test-method> <!-- executeTestCase -->
        <test-method is-config="true" signature="getTestResult(org.testng.ITestResult,org.testng.ITestContext)[pri:0, instance:tests.Test_FlipkartSite@773f7880]" started-at="2025-12-08T20:11:54 IST" name="getTestResult" finished-at="2025-12-08T20:11:55 IST" duration-ms="201" status="PASS">
          <params>
            <param index="0">
              <value>
                <![CDATA[[TestResult name=executeTestCase status=FAILURE method=Test_FlipkartSite.executeTestCase(java.lang.String,java.lang.String,org.testng.ITestContext)[pri:0, instance:tests.Test_FlipkartSite@773f7880] output={null}]]]>
              </value>
            </param>
            <param index="1">
              <value>
                <![CDATA[org.testng.TestRunner@43ecfeb5]]>
              </value>
            </param>
          </params>
          <reporter-output>
          </reporter-output>
        </test-method> <!-- getTestResult -->
        <test-method signature="executeTestCase(java.lang.String,java.lang.String,org.testng.ITestContext)[pri:0, instance:tests.Test_FlipkartSite@773f7880]" started-at="2025-12-08T20:11:55 IST" name="executeTestCase" data-provider="testData" finished-at="2025-12-08T20:12:05 IST" duration-ms="10791" status="FAIL">
          <params>
            <param index="0">
              <value>
                <![CDATA[checkLogin]]>
              </value>
            </param>
            <param index="1">
              <value>
                <![CDATA[Yes]]>
              </value>
            </param>
            <param index="2">
              <value>
                <![CDATA[org.testng.TestRunner@43ecfeb5]]>
              </value>
            </param>
          </params>
          <exception class="org.openqa.selenium.NoSuchElementException">
            <message>
              <![CDATA[no such element: Unable to locate element: {"method":"xpath","selector":"//input[@class='_18u87m _3WuvDp'] | //input[contains(@class,'_18u87m')]"}
  (Session info: chrome=143.0.7499.40)
For documentation on this error, please visit: https://www.selenium.dev/documentation/webdriver/troubleshooting/errors#nosuchelementexception
Build info: version: '4.38.0', revision: '6b412e825c*'
System info: os.name: 'Windows 11', os.arch: 'amd64', os.version: '10.0', java.version: '11.0.28'
Driver info: org.openqa.selenium.chrome.ChromeDriver
Command: [3b2d8ebe140b9b3dc48530d39379920a, findElement {value=//input[@class='_18u87m _3WuvDp'] | //input[contains(@class,'_18u87m')], using=xpath}]
Capabilities {acceptInsecureCerts: false, browserName: chrome, browserVersion: 143.0.7499.40, chrome: {chromedriverVersion: 143.0.7499.40 (c23ff452476d..., userDataDir: C:\Users\SSAKLE~1\AppData\L...}, fedcm:accounts: true, goog:chromeOptions: {debuggerAddress: localhost:56309}, goog:processID: 25780, networkConnectionEnabled: false, pageLoadStrategy: normal, platformName: windows, proxy: Proxy(), se:cdp: ws://localhost:56309/devtoo..., se:cdpVersion: 143.0.7499.40, setWindowRect: true, strictFileInteractability: false, timeouts: {implicit: 0, pageLoad: 300000, script: 30000}, unhandledPromptBehavior: dismiss and notify, webauthn:extension:credBlob: true, webauthn:extension:largeBlob: true, webauthn:extension:minPinLength: true, webauthn:extension:prf: true, webauthn:virtualAuthenticators: true}
Session ID: 3b2d8ebe140b9b3dc48530d39379920a]]>
            </message>
            <full-stacktrace>
              <![CDATA[org.openqa.selenium.NoSuchElementException: no such element: Unable to locate element: {"method":"xpath","selector":"//input[@class='_18u87m _3WuvDp'] | //input[contains(@class,'_18u87m')]"}
  (Session info: chrome=143.0.7499.40)
For documentation on this error, please visit: https://www.selenium.dev/documentation/webdriver/troubleshooting/errors#nosuchelementexception
Build info: version: '4.38.0', revision: '6b412e825c*'
System info: os.name: 'Windows 11', os.arch: 'amd64', os.version: '10.0', java.version: '11.0.28'
Driver info: org.openqa.selenium.chrome.ChromeDriver
Command: [3b2d8ebe140b9b3dc48530d39379920a, findElement {value=//input[@class='_18u87m _3WuvDp'] | //input[contains(@class,'_18u87m')], using=xpath}]
Capabilities {acceptInsecureCerts: false, browserName: chrome, browserVersion: 143.0.7499.40, chrome: {chromedriverVersion: 143.0.7499.40 (c23ff452476d..., userDataDir: C:\Users\SSAKLE~1\AppData\L...}, fedcm:accounts: true, goog:chromeOptions: {debuggerAddress: localhost:56309}, goog:processID: 25780, networkConnectionEnabled: false, pageLoadStrategy: normal, platformName: windows, proxy: Proxy(), se:cdp: ws://localhost:56309/devtoo..., se:cdpVersion: 143.0.7499.40, setWindowRect: true, strictFileInteractability: false, timeouts: {implicit: 0, pageLoad: 300000, script: 30000}, unhandledPromptBehavior: dismiss and notify, webauthn:extension:credBlob: true, webauthn:extension:largeBlob: true, webauthn:extension:minPinLength: true, webauthn:extension:prf: true, webauthn:virtualAuthenticators: true}
Session ID: 3b2d8ebe140b9b3dc48530d39379920a
at java.base/jdk.internal.reflect.NativeConstructorAccessorImpl.newInstance0(Native Method)
at java.base/jdk.internal.reflect.NativeConstructorAccessorImpl.newInstance(NativeConstructorAccessorImpl.java:62)
at java.base/jdk.internal.reflect.DelegatingConstructorAccessorImpl.newInstance(DelegatingConstructorAccessorImpl.java:45)
at java.base/java.lang.reflect.Constructor.newInstance(Constructor.java:490)
at org.openqa.selenium.remote.ErrorCodec.decode(ErrorCodec.java:167)
at org.openqa.selenium.remote.codec.w3c.W3CHttpResponseCodec.decode(W3CHttpResponseCodec.java:138)
at org.openqa.selenium.remote.codec.w3c.W3CHttpResponseCodec.decode(W3CHttpResponseCodec.java:50)
at org.openqa.selenium.remote.HttpCommandExecutor.execute(HttpCommandExecutor.java:215)
at org.openqa.selenium.remote.service.DriverCommandExecutor.invokeExecute(DriverCommandExecutor.java:216)
at org.openqa.selenium.remote.service.DriverCommandExecutor.execute(DriverCommandExecutor.java:174)
at org.openqa.selenium.remote.RemoteWebDriver.execute(RemoteWebDriver.java:557)
at org.openqa.selenium.remote.ElementLocation$ElementFinder$2.findElement(ElementLocation.java:165)
at org.openqa.selenium.remote.ElementLocation.findElement(ElementLocation.java:59)
at org.openqa.selenium.remote.RemoteWebDriver.findElement(RemoteWebDriver.java:380)
at org.openqa.selenium.remote.RemoteWebDriver.findElement(RemoteWebDriver.java:374)
at org.openqa.selenium.support.pagefactory.DefaultElementLocator.findElement(DefaultElementLocator.java:68)
at org.openqa.selenium.support.pagefactory.internal.LocatingElementHandler.invoke(LocatingElementHandler.java:38)
at com.sun.proxy.$Proxy31.click(Unknown Source)
at pages.FlipkartLoginPage.clickEmailBox(FlipkartLoginPage.java:51)
at tests.Test_FlipkartSite.checkLogin(Test_FlipkartSite.java:608)
at tests.Test_FlipkartSite.executeTestCase(Test_FlipkartSite.java:177)
at jdk.internal.reflect.GeneratedMethodAccessor1.invoke(Unknown Source)
at java.base/jdk.internal.reflect.DelegatingMethodAccessorImpl.invoke(DelegatingMethodAccessorImpl.java:43)
at java.base/java.lang.reflect.Method.invoke(Method.java:566)
at org.testng.internal.invokers.MethodInvocationHelper.invokeMethod(MethodInvocationHelper.java:141)
at org.testng.internal.invokers.TestInvoker.invokeMethod(TestInvoker.java:687)
at org.testng.internal.invokers.TestInvoker.invokeTestMethod(TestInvoker.java:230)
at org.testng.internal.invokers.MethodRunner.runInSequence(MethodRunner.java:63)
at org.testng.internal.invokers.TestInvoker$MethodInvocationAgent.invoke(TestInvoker.java:995)
at org.testng.internal.invokers.TestInvoker.invokeTestMethods(TestInvoker.java:203)
at org.testng.internal.invokers.TestMethodWorker.invokeTestMethods(TestMethodWorker.java:154)
at org.testng.internal.invokers.TestMethodWorker.run(TestMethodWorker.java:134)
at java.base/java.util.ArrayList.forEach(ArrayList.java:1541)
at org.testng.TestRunner.privateRun(TestRunner.java:741)
at org.testng.TestRunner.run(TestRunner.java:616)
at org.testng.SuiteRunner.runTest(SuiteRunner.java:421)
at org.testng.SuiteRunner.runSequentially(SuiteRunner.java:413)
at org.testng.SuiteRunner.privateRun(SuiteRunner.java:373)
at org.testng.SuiteRunner.run(SuiteRunner.java:312)
at org.testng.SuiteRunnerWorker.runSuite(SuiteRunnerWorker.java:52)
at org.testng.SuiteRunnerWorker.run(SuiteRunnerWorker.java:95)
at org.testng.TestNG.runSuitesSequentially(TestNG.java:1274)
at org.testng.TestNG.runSuitesLocally(TestNG.java:1208)
at org.testng.TestNG.runSuites(TestNG.java:1112)
at org.testng.TestNG.run(TestNG.java:1079)
at org.testng.remote.AbstractRemoteTestNG.run(AbstractRemoteTestNG.java:115)
at org.testng.remote.RemoteTestNG.initAndRun(RemoteTestNG.java:293)
at org.testng.remote.RemoteTestNG.main(RemoteTestNG.java:91)
]]>
            </full-stacktrace>
          </exception> <!-- org.openqa.selenium.NoSuchElementException -->
          <reporter-output>
          </reporter-output>
        </test-method> <!-- executeTestCase -->
        <test-method is-config="true" signature="getTestResult(org.testng.ITestResult,org.testng.ITestContext)[pri:0, instance:tests.Test_FlipkartSite@773f7880]" started-at="2025-12-08T20:12:05 IST" name="getTestResult" finished-at="2025-12-08T20:12:05 IST" duration-ms="160" status="PASS">
          <params>
            <param index="0">
              <value>
                <![CDATA[[TestResult name=executeTestCase status=FAILURE method=Test_FlipkartSite.executeTestCase(java.lang.String,java.lang.String,org.testng.ITestContext)[pri:0, instance:tests.Test_FlipkartSite@773f7880] output={null}]]]>
              </value>
            </param>
            <param index="1">
              <value>
                <![CDATA[org.testng.TestRunner@43ecfeb5]]>
              </value>
            </param>
          </params>
          <reporter-output>
          </reporter-output>
        </test-method> <!-- getTestResult -->
        <test-method is-config="true" signature="tearDownTest()[pri:0, instance:tests.Test_FlipkartSite@773f7880]" started-at="2025-12-08T20:12:05 IST" name="tearDownTest" finished-at="2025-12-08T20:12:08 IST" duration-ms="2939" status="PASS">
          <reporter-output>
          </reporter-output>
        </test-method> <!-- tearDownTest -->
      </class> <!-- tests.Test_FlipkartSite -->
    </test> <!-- Default test -->
  </suite> <!-- Default suite -->
</testng-results>
