<?xml version="1.0" encoding="UTF-8"?>
<!-- Generated by org.testng.reporters.JUnitReportReporter -->
<testsuite hostname="ssaklecha-LAP" failures="0" tests="20" name="tests.Test_FlipkartSite" time="23.887" errors="0" timestamp="2025-12-08T21:16:31 IST" skipped="0">
  <testcase classname="tests.Test_FlipkartSite" name="executeTestCase" time="0.011"/>
  <testcase classname="tests.Test_FlipkartSite" name="executeTestCase" time="0.003"/>
  <testcase classname="tests.Test_FlipkartSite" name="executeTestCase" time="0.011"/>
  <testcase classname="tests.Test_FlipkartSite" name="executeTestCase" time="0.006"/>
  <testcase classname="tests.Test_FlipkartSite" name="executeTestCase" time="0.003"/>
  <testcase classname="tests.Test_FlipkartSite" name="executeTestCase" time="0.005"/>
  <testcase classname="tests.Test_FlipkartSite" name="executeTestCase" time="20.401"/>
  <testcase classname="tests.Test_FlipkartSite" name="executeTestCase" time="3.387"/>
  <testcase classname="tests.Test_FlipkartSite" name="executeTestCase" time="0.001"/>
  <testcase classname="tests.Test_FlipkartSite" name="executeTestCase" time="0.002"/>
  <testcase classname="tests.Test_FlipkartSite" name="executeTestCase" time="0.007"/>
  <testcase classname="tests.Test_FlipkartSite" name="executeTestCase" time="0.004"/>
  <testcase classname="tests.Test_FlipkartSite" name="executeTestCase" time="0.005"/>
  <testcase classname="tests.Test_FlipkartSite" name="executeTestCase" time="0.006"/>
  <testcase classname="tests.Test_FlipkartSite" name="executeTestCase" time="0.011"/>
  <testcase classname="tests.Test_FlipkartSite" name="executeTestCase" time="0.006"/>
  <testcase classname="tests.Test_FlipkartSite" name="executeTestCase" time="0.002"/>
  <testcase classname="tests.Test_FlipkartSite" name="executeTestCase" time="0.002"/>
  <testcase classname="tests.Test_FlipkartSite" name="executeTestCase" time="0.008"/>
  <testcase classname="tests.Test_FlipkartSite" name="executeTestCase" time="0.006"/>
</testsuite> <!-- tests.Test_FlipkartSite -->
