<?xml version="1.0" encoding="UTF-8"?>
<!-- Generated by org.testng.reporters.JUnitReportReporter -->
<testsuite hostname="ssaklecha-LAP" failures="0" tests="20" name="tests.Test_FlipkartSite" time="26.505" errors="1" timestamp="2025-12-08T20:56:47 IST" skipped="0">
  <testcase classname="tests.Test_FlipkartSite" name="executeTestCase" time="0.009"/>
  <testcase classname="tests.Test_FlipkartSite" name="executeTestCase" time="2.725"/>
  <testcase classname="tests.Test_FlipkartSite" name="executeTestCase" time="0.002"/>
  <testcase classname="tests.Test_FlipkartSite" name="executeTestCase" time="0.002"/>
  <testcase classname="tests.Test_FlipkartSite" name="executeTestCase" time="0.003"/>
  <testcase classname="tests.Test_FlipkartSite" name="executeTestCase" time="0.002"/>
  <testcase classname="tests.Test_FlipkartSite" name="executeTestCase" time="0.005"/>
  <testcase classname="tests.Test_FlipkartSite" name="executeTestCase" time="0.005"/>
  <testcase classname="tests.Test_FlipkartSite" name="executeTestCase" time="0.013"/>
  <testcase classname="tests.Test_FlipkartSite" name="executeTestCase" time="0.002"/>
  <testcase classname="tests.Test_FlipkartSite" name="executeTestCase" time="0.002"/>
  <testcase classname="tests.Test_FlipkartSite" name="executeTestCase" time="0.002"/>
  <testcase classname="tests.Test_FlipkartSite" name="executeTestCase" time="0.141"/>
  <testcase classname="tests.Test_FlipkartSite" name="executeTestCase" time="0.010"/>
  <testcase classname="tests.Test_FlipkartSite" name="executeTestCase" time="0.014"/>
  <testcase classname="tests.Test_FlipkartSite" name="executeTestCase" time="0.014"/>
  <testcase classname="tests.Test_FlipkartSite" name="executeTestCase" time="23.536">
    <error message="Expected condition failed: waiting for presence of element located by: By.xpath: //input[contains(@class,&#039;r4vIwl&#039;) or contains(@class,&#039;_2IX_2-&#039;)] (tried for 15 second(s) with 500 milliseconds interval)" type="org.openqa.selenium.TimeoutException">
      <![CDATA[org.openqa.selenium.TimeoutException: Expected condition failed: waiting for presence of element located by: By.xpath: //input[contains(@class,'r4vIwl') or contains(@class,'_2IX_2-')] (tried for 15 second(s) with 500 milliseconds interval)
at org.openqa.selenium.support.ui.WebDriverWait.timeoutException(WebDriverWait.java:84)
at org.openqa.selenium.support.ui.FluentWait.until(FluentWait.java:228)
at pages.FlipkartLoginPage.clickPhoneInputBox(FlipkartLoginPage.java:43)
at tests.Test_FlipkartSite.checkLogin(Test_FlipkartSite.java:611)
at tests.Test_FlipkartSite.executeTestCase(Test_FlipkartSite.java:177)
at jdk.internal.reflect.GeneratedMethodAccessor1.invoke(Unknown Source)
at java.base/jdk.internal.reflect.DelegatingMethodAccessorImpl.invoke(DelegatingMethodAccessorImpl.java:43)
at java.base/java.lang.reflect.Method.invoke(Method.java:566)
at org.testng.internal.invokers.MethodInvocationHelper.invokeMethod(MethodInvocationHelper.java:141)
at org.testng.internal.invokers.TestInvoker.invokeMethod(TestInvoker.java:687)
at org.testng.internal.invokers.TestInvoker.invokeTestMethod(TestInvoker.java:230)
at org.testng.internal.invokers.MethodRunner.runInSequence(MethodRunner.java:63)
at org.testng.internal.invokers.TestInvoker$MethodInvocationAgent.invoke(TestInvoker.java:995)
at org.testng.internal.invokers.TestInvoker.invokeTestMethods(TestInvoker.java:203)
at org.testng.internal.invokers.TestMethodWorker.invokeTestMethods(TestMethodWorker.java:154)
at org.testng.internal.invokers.TestMethodWorker.run(TestMethodWorker.java:134)
at java.base/java.util.ArrayList.forEach(ArrayList.java:1541)
at org.testng.TestRunner.privateRun(TestRunner.java:741)
at org.testng.TestRunner.run(TestRunner.java:616)
at org.testng.SuiteRunner.runTest(SuiteRunner.java:421)
at org.testng.SuiteRunner.runSequentially(SuiteRunner.java:413)
at org.testng.SuiteRunner.privateRun(SuiteRunner.java:373)
at org.testng.SuiteRunner.run(SuiteRunner.java:312)
at org.testng.SuiteRunnerWorker.runSuite(SuiteRunnerWorker.java:52)
at org.testng.SuiteRunnerWorker.run(SuiteRunnerWorker.java:95)
at org.testng.TestNG.runSuitesSequentially(TestNG.java:1274)
at org.testng.TestNG.runSuitesLocally(TestNG.java:1208)
at org.testng.TestNG.runSuites(TestNG.java:1112)
at org.testng.TestNG.run(TestNG.java:1079)
at org.testng.remote.AbstractRemoteTestNG.run(AbstractRemoteTestNG.java:115)
at org.testng.remote.RemoteTestNG.initAndRun(RemoteTestNG.java:293)
at org.testng.remote.RemoteTestNG.main(RemoteTestNG.java:91)
Caused by: org.openqa.selenium.NoSuchElementException: no such element: Unable to locate element: {"method":"xpath","selector":"//input[contains(@class,'r4vIwl') or contains(@class,'_2IX_2-')]"}
  (Session info: chrome=143.0.7499.40)
For documentation on this error, please visit: https://www.selenium.dev/documentation/webdriver/troubleshooting/errors#nosuchelementexception
Build info: version: '4.38.0', revision: '6b412e825c*'
System info: os.name: 'Windows 11', os.arch: 'amd64', os.version: '10.0', java.version: '11.0.28'
Driver info: org.openqa.selenium.chrome.ChromeDriver
Command: [7bd46e01c2d868ffd3fddfe999732f1f, findElement {value=//input[contains(@class,'r4vIwl') or contains(@class,'_2IX_2-')], using=xpath}]
Capabilities {acceptInsecureCerts: false, browserName: chrome, browserVersion: 143.0.7499.40, chrome: {chromedriverVersion: 143.0.7499.40 (c23ff452476d..., userDataDir: C:\Users\SSAKLE~1\AppData\L...}, fedcm:accounts: true, goog:chromeOptions: {debuggerAddress: localhost:51667}, goog:processID: 9844, networkConnectionEnabled: false, pageLoadStrategy: normal, platformName: windows, proxy: Proxy(), se:cdp: ws://localhost:51667/devtoo..., se:cdpVersion: 143.0.7499.40, setWindowRect: true, strictFileInteractability: false, timeouts: {implicit: 0, pageLoad: 300000, script: 30000}, unhandledPromptBehavior: dismiss and notify, webauthn:extension:credBlob: true, webauthn:extension:largeBlob: true, webauthn:extension:minPinLength: true, webauthn:extension:prf: true, webauthn:virtualAuthenticators: true}
Session ID: 7bd46e01c2d868ffd3fddfe999732f1f
at java.base/jdk.internal.reflect.NativeConstructorAccessorImpl.newInstance0(Native Method)
at java.base/jdk.internal.reflect.NativeConstructorAccessorImpl.newInstance(NativeConstructorAccessorImpl.java:62)
at java.base/jdk.internal.reflect.DelegatingConstructorAccessorImpl.newInstance(DelegatingConstructorAccessorImpl.java:45)
at java.base/java.lang.reflect.Constructor.newInstance(Constructor.java:490)
at org.openqa.selenium.remote.ErrorCodec.decode(ErrorCodec.java:167)
at org.openqa.selenium.remote.codec.w3c.W3CHttpResponseCodec.decode(W3CHttpResponseCodec.java:138)
at org.openqa.selenium.remote.codec.w3c.W3CHttpResponseCodec.decode(W3CHttpResponseCodec.java:50)
at org.openqa.selenium.remote.HttpCommandExecutor.execute(HttpCommandExecutor.java:215)
at org.openqa.selenium.remote.service.DriverCommandExecutor.invokeExecute(DriverCommandExecutor.java:216)
at org.openqa.selenium.remote.service.DriverCommandExecutor.execute(DriverCommandExecutor.java:174)
at org.openqa.selenium.remote.RemoteWebDriver.execute(RemoteWebDriver.java:557)
at org.openqa.selenium.remote.ElementLocation$ElementFinder$2.findElement(ElementLocation.java:165)
at org.openqa.selenium.remote.ElementLocation.findElement(ElementLocation.java:59)
at org.openqa.selenium.remote.RemoteWebDriver.findElement(RemoteWebDriver.java:380)
at org.openqa.selenium.remote.RemoteWebDriver.findElement(RemoteWebDriver.java:374)
at org.openqa.selenium.support.ui.ExpectedConditions$6.apply(ExpectedConditions.java:174)
at org.openqa.selenium.support.ui.ExpectedConditions$6.apply(ExpectedConditions.java:171)
at org.openqa.selenium.support.ui.FluentWait.until(FluentWait.java:203)
... 30 more
]]>
    </error>
  </testcase> <!-- executeTestCase -->
  <testcase classname="tests.Test_FlipkartSite" name="executeTestCase" time="0.006"/>
  <testcase classname="tests.Test_FlipkartSite" name="executeTestCase" time="0.008"/>
  <testcase classname="tests.Test_FlipkartSite" name="executeTestCase" time="0.004"/>
</testsuite> <!-- tests.Test_FlipkartSite -->
